2025-09-18T14:13:31+08:00 - Job 4 started. File: C:\laragon\www\kodus\deduplication/uploads/1758176011_MASTERLIST_FINAL_Talacogon_FFW.xlsx
2025-09-18T14:13:32+08:00 - Progress updated: 0%
2025-09-18T14:13:32+08:00 - Progress updated: 0%
2025-09-18T14:13:32+08:00 - Progress updated: 1%
2025-09-18T14:13:32+08:00 - Progress updated: 2%
2025-09-18T14:13:32+08:00 - Progress updated: 2%
2025-09-18T14:13:32+08:00 - Progress updated: 3%
2025-09-18T14:13:32+08:00 - Progress updated: 4%
2025-09-18T14:13:32+08:00 - Progress updated: 4%
2025-09-18T14:13:32+08:00 - Progress updated: 5%
2025-09-18T14:13:32+08:00 - Progress updated: 6%
2025-09-18T14:13:32+08:00 - Progress updated: 6%
2025-09-18T14:13:32+08:00 - Progress updated: 7%
2025-09-18T14:13:32+08:00 - Progress updated: 8%
2025-09-18T14:13:32+08:00 - Progress updated: 8%
2025-09-18T14:13:32+08:00 - Progress updated: 9%
2025-09-18T14:13:32+08:00 - Progress updated: 10%
2025-09-18T14:13:33+08:00 - Progress updated: 10%
2025-09-18T14:13:33+08:00 - Group 1 inserted with similarity 85.245901639344
2025-09-18T14:13:33+08:00 - Progress updated: 11%
2025-09-18T14:13:33+08:00 - Progress updated: 12%
2025-09-18T14:13:33+08:00 - Progress updated: 12%
2025-09-18T14:13:33+08:00 - Progress updated: 13%
2025-09-18T14:13:33+08:00 - Progress updated: 14%
2025-09-18T14:13:33+08:00 - Progress updated: 14%
2025-09-18T14:13:33+08:00 - Progress updated: 15%
2025-09-18T14:13:33+08:00 - Progress updated: 16%
2025-09-18T14:13:33+08:00 - Progress updated: 16%
2025-09-18T14:13:33+08:00 - Group 2 inserted with similarity 85.245901639344
2025-09-18T14:13:33+08:00 - Progress updated: 17%
2025-09-18T14:13:33+08:00 - Progress updated: 18%
2025-09-18T14:13:33+08:00 - Progress updated: 18%
2025-09-18T14:13:33+08:00 - Progress updated: 19%
2025-09-18T14:13:33+08:00 - Progress updated: 20%
2025-09-18T14:13:33+08:00 - Progress updated: 20%
2025-09-18T14:13:33+08:00 - Progress updated: 21%
2025-09-18T14:13:33+08:00 - Progress updated: 22%
2025-09-18T14:13:33+08:00 - Group 3 inserted with similarity 100
2025-09-18T14:13:33+08:00 - Progress updated: 22%
2025-09-18T14:13:33+08:00 - Progress updated: 23%
2025-09-18T14:13:34+08:00 - Group 4 inserted with similarity 90
2025-09-18T14:13:34+08:00 - Group 5 inserted with similarity 92.753623188406
2025-09-18T14:13:34+08:00 - Progress updated: 24%
2025-09-18T14:13:34+08:00 - Progress updated: 24%
2025-09-18T14:13:34+08:00 - Group 6 inserted with similarity 100
2025-09-18T14:13:34+08:00 - Progress updated: 25%
2025-09-18T14:13:34+08:00 - Progress updated: 26%
2025-09-18T14:13:34+08:00 - Progress updated: 26%
2025-09-18T14:13:34+08:00 - Progress updated: 27%
2025-09-18T14:13:34+08:00 - Group 7 inserted with similarity 88.888888888889
2025-09-18T14:13:34+08:00 - Progress updated: 28%
2025-09-18T14:13:34+08:00 - Progress updated: 28%
2025-09-18T14:13:34+08:00 - Progress updated: 29%
2025-09-18T14:13:34+08:00 - Progress updated: 30%
2025-09-18T14:13:34+08:00 - Progress updated: 30%
2025-09-18T14:13:34+08:00 - Progress updated: 31%
2025-09-18T14:13:34+08:00 - Progress updated: 32%
2025-09-18T14:13:34+08:00 - Progress updated: 32%
2025-09-18T14:13:34+08:00 - Progress updated: 33%
2025-09-18T14:13:34+08:00 - Progress updated: 34%
2025-09-18T14:13:34+08:00 - Progress updated: 34%
2025-09-18T14:13:34+08:00 - Progress updated: 35%
2025-09-18T14:13:34+08:00 - Progress updated: 36%
2025-09-18T14:13:34+08:00 - Progress updated: 36%
2025-09-18T14:13:34+08:00 - Progress updated: 37%
2025-09-18T14:13:34+08:00 - Progress updated: 38%
2025-09-18T14:13:34+08:00 - Progress updated: 38%
2025-09-18T14:13:34+08:00 - Progress updated: 39%
2025-09-18T14:13:35+08:00 - Progress updated: 40%
2025-09-18T14:13:35+08:00 - Progress updated: 40%
2025-09-18T14:13:35+08:00 - Progress updated: 41%
2025-09-18T14:13:35+08:00 - Progress updated: 42%
2025-09-18T14:13:35+08:00 - Progress updated: 42%
2025-09-18T14:13:35+08:00 - Progress updated: 43%
2025-09-18T14:13:35+08:00 - Progress updated: 44%
2025-09-18T14:13:35+08:00 - Progress updated: 44%
2025-09-18T14:13:35+08:00 - Progress updated: 45%
2025-09-18T14:13:35+08:00 - Progress updated: 46%
2025-09-18T14:13:35+08:00 - Progress updated: 46%
2025-09-18T14:13:35+08:00 - Progress updated: 47%
2025-09-18T14:13:35+08:00 - Progress updated: 48%
2025-09-18T14:13:35+08:00 - Progress updated: 48%
2025-09-18T14:13:35+08:00 - Progress updated: 49%
2025-09-18T14:13:35+08:00 - Progress updated: 50%
2025-09-18T14:13:35+08:00 - Progress updated: 50%
2025-09-18T14:13:35+08:00 - Progress updated: 51%
2025-09-18T14:13:35+08:00 - Progress updated: 52%
2025-09-18T14:13:35+08:00 - Progress updated: 52%
2025-09-18T14:13:35+08:00 - Progress updated: 53%
2025-09-18T14:13:35+08:00 - Progress updated: 54%
2025-09-18T14:13:35+08:00 - Progress updated: 54%
2025-09-18T14:13:35+08:00 - Progress updated: 55%
2025-09-18T14:13:35+08:00 - Progress updated: 56%
2025-09-18T14:13:35+08:00 - Progress updated: 56%
2025-09-18T14:13:35+08:00 - Progress updated: 57%
2025-09-18T14:13:35+08:00 - Progress updated: 58%
2025-09-18T14:13:35+08:00 - Progress updated: 58%
2025-09-18T14:13:35+08:00 - Progress updated: 59%
2025-09-18T14:13:35+08:00 - Progress updated: 60%
2025-09-18T14:13:35+08:00 - Progress updated: 60%
2025-09-18T14:13:35+08:00 - Progress updated: 61%
2025-09-18T14:13:36+08:00 - Progress updated: 62%
2025-09-18T14:13:36+08:00 - Progress updated: 62%
2025-09-18T14:13:36+08:00 - Progress updated: 63%
2025-09-18T14:13:36+08:00 - Progress updated: 64%
2025-09-18T14:13:36+08:00 - Progress updated: 64%
2025-09-18T14:13:36+08:00 - Progress updated: 65%
2025-09-18T14:13:36+08:00 - Progress updated: 66%
2025-09-18T14:13:36+08:00 - Progress updated: 66%
2025-09-18T14:13:36+08:00 - Progress updated: 67%
2025-09-18T14:13:36+08:00 - Progress updated: 68%
2025-09-18T14:13:36+08:00 - Progress updated: 68%
2025-09-18T14:13:36+08:00 - Progress updated: 69%
2025-09-18T14:13:36+08:00 - Progress updated: 70%
2025-09-18T14:13:36+08:00 - Progress updated: 70%
2025-09-18T14:13:36+08:00 - Progress updated: 71%
2025-09-18T14:13:36+08:00 - Progress updated: 72%
2025-09-18T14:13:36+08:00 - Progress updated: 72%
2025-09-18T14:13:36+08:00 - Progress updated: 73%
2025-09-18T14:13:36+08:00 - Progress updated: 74%
2025-09-18T14:13:36+08:00 - Progress updated: 74%
2025-09-18T14:13:36+08:00 - Progress updated: 75%
2025-09-18T14:13:36+08:00 - Progress updated: 76%
2025-09-18T14:13:36+08:00 - Progress updated: 76%
2025-09-18T14:13:36+08:00 - Progress updated: 77%
2025-09-18T14:13:36+08:00 - Progress updated: 78%
2025-09-18T14:13:36+08:00 - Progress updated: 78%
2025-09-18T14:13:36+08:00 - Progress updated: 79%
2025-09-18T14:13:36+08:00 - Progress updated: 80%
2025-09-18T14:13:36+08:00 - Progress updated: 80%
2025-09-18T14:13:36+08:00 - Progress updated: 81%
2025-09-18T14:13:36+08:00 - Progress updated: 82%
2025-09-18T14:13:36+08:00 - Progress updated: 82%
2025-09-18T14:13:36+08:00 - Progress updated: 83%
2025-09-18T14:13:36+08:00 - Group 8 inserted with similarity 96.666666666667
2025-09-18T14:13:36+08:00 - Progress updated: 84%
2025-09-18T14:13:36+08:00 - Progress updated: 84%
2025-09-18T14:13:36+08:00 - Progress updated: 85%
2025-09-18T14:13:36+08:00 - Progress updated: 86%
2025-09-18T14:13:36+08:00 - Progress updated: 86%
2025-09-18T14:13:36+08:00 - Progress updated: 87%
2025-09-18T14:13:36+08:00 - Progress updated: 88%
2025-09-18T14:13:36+08:00 - Progress updated: 88%
2025-09-18T14:13:36+08:00 - Progress updated: 89%
2025-09-18T14:13:36+08:00 - Progress updated: 90%
2025-09-18T14:13:36+08:00 - Progress updated: 90%
2025-09-18T14:13:36+08:00 - Progress updated: 91%
2025-09-18T14:13:36+08:00 - Progress updated: 92%
2025-09-18T14:13:36+08:00 - Progress updated: 92%
2025-09-18T14:13:36+08:00 - Progress updated: 93%
2025-09-18T14:13:36+08:00 - Progress updated: 94%
2025-09-18T14:13:36+08:00 - Progress updated: 94%
2025-09-18T14:13:36+08:00 - Progress updated: 95%
2025-09-18T14:13:36+08:00 - Progress updated: 96%
2025-09-18T14:13:36+08:00 - Progress updated: 96%
2025-09-18T14:13:36+08:00 - Progress updated: 97%
2025-09-18T14:13:36+08:00 - Progress updated: 98%
2025-09-18T14:13:36+08:00 - Progress updated: 98%
2025-09-18T14:13:36+08:00 - Progress updated: 99%
2025-09-18T14:13:36+08:00 - Progress updated: 100%
2025-09-18T14:13:36+08:00 - Job 4 completed successfully.
